[Tue, 05 Nov 13 19:37:35 +0800][INFO] SELECT entry_id, publication_id, zone_type, zone_width, zone_height, zone_refresh, zone_channel, zone_lastrequest, mobfox_backfill_active, mobfox_min_cpc_active, min_cpc, min_cpm, backfill_alt_1, backfill_alt_2, backfill_alt_3 FROM md_zones WHERE zone_hash='81a21d3482634fa360516aafe0927ed6'
[Tue, 05 Nov 13 19:37:35 +0800][INFO] SELECT IF(COUNT(*)>0, 1 , 0) FROM `INFORMATION_SCHEMA`.`TABLES` WHERE `TABLE_NAME`='md_publications'
[Tue, 05 Nov 13 19:37:35 +0800][INFO] DESCRIBE `md_publications`
[Tue, 05 Nov 13 19:37:35 +0800][INFO] SELECT `md_publications`.`inv_id`, `md_publications`.`creator_id`, `md_publications`.`inv_status`, `md_publications`.`inv_type`, `md_publications`.`inv_name`, `md_publications`.`inv_description`, `md_publications`.`inv_address`, `md_publications`.`inv_defaultchannel`, `md_publications`.`md_lastrequest` FROM `md_publications` WHERE `md_publications`.`inv_id` = 17 LIMIT 1
[Tue, 05 Nov 13 19:37:35 +0800][INFO] SELECT IF(COUNT(*)>0, 1 , 0) FROM `INFORMATION_SCHEMA`.`TABLES` WHERE `TABLE_NAME`='md_zones'
[Tue, 05 Nov 13 19:37:35 +0800][INFO] DESCRIBE `md_zones`
[Tue, 05 Nov 13 19:37:35 +0800][INFO] SELECT `md_zones`.`entry_id`, `md_zones`.`publication_id`, `md_zones`.`zone_hash`, `md_zones`.`zone_name`, `md_zones`.`zone_type`, `md_zones`.`zone_width`, `md_zones`.`zone_height`, `md_zones`.`zone_refresh`, `md_zones`.`zone_channel`, `md_zones`.`zone_lastrequest`, `md_zones`.`zone_description`, `md_zones`.`mobfox_backfill_active`, `md_zones`.`mobfox_min_cpc_active`, `md_zones`.`min_cpc`, `md_zones`.`min_cpm`, `md_zones`.`backfill_alt_1`, `md_zones`.`backfill_alt_2`, `md_zones`.`backfill_alt_3` FROM `md_zones` WHERE `md_zones`.`entry_id` = :entry_id
[Tue, 05 Nov 13 19:37:35 +0800][INFO] SELECT `md_publications`.`inv_id`, `md_publications`.`creator_id`, `md_publications`.`inv_status`, `md_publications`.`inv_type`, `md_publications`.`inv_name`, `md_publications`.`inv_description`, `md_publications`.`inv_address`, `md_publications`.`inv_defaultchannel`, `md_publications`.`md_lastrequest` FROM `md_publications` WHERE `md_publications`.`inv_id` = :inv_id
[Tue, 05 Nov 13 19:40:54 +0800][INFO] SELECT entry_id, publication_id, zone_type, zone_width, zone_height, zone_refresh, zone_channel, zone_lastrequest, mobfox_backfill_active, mobfox_min_cpc_active, min_cpc, min_cpm, backfill_alt_1, backfill_alt_2, backfill_alt_3 FROM md_zones WHERE zone_hash='81a21d3482634fa360516aafe0927ed6'
[Tue, 05 Nov 13 19:40:54 +0800][INFO] SELECT IF(COUNT(*)>0, 1 , 0) FROM `INFORMATION_SCHEMA`.`TABLES` WHERE `TABLE_NAME`='md_publications'
[Tue, 05 Nov 13 19:40:54 +0800][INFO] DESCRIBE `md_publications`
[Tue, 05 Nov 13 19:40:54 +0800][INFO] SELECT `md_publications`.`inv_id`, `md_publications`.`creator_id`, `md_publications`.`inv_status`, `md_publications`.`inv_type`, `md_publications`.`inv_name`, `md_publications`.`inv_description`, `md_publications`.`inv_address`, `md_publications`.`inv_defaultchannel`, `md_publications`.`md_lastrequest` FROM `md_publications` WHERE `md_publications`.`inv_id` = 17 LIMIT 1
[Tue, 05 Nov 13 19:40:54 +0800][INFO] SELECT IF(COUNT(*)>0, 1 , 0) FROM `INFORMATION_SCHEMA`.`TABLES` WHERE `TABLE_NAME`='md_zones'
[Tue, 05 Nov 13 19:40:54 +0800][INFO] DESCRIBE `md_zones`
[Tue, 05 Nov 13 19:40:54 +0800][INFO] SELECT `md_zones`.`entry_id`, `md_zones`.`publication_id`, `md_zones`.`zone_hash`, `md_zones`.`zone_name`, `md_zones`.`zone_type`, `md_zones`.`zone_width`, `md_zones`.`zone_height`, `md_zones`.`zone_refresh`, `md_zones`.`zone_channel`, `md_zones`.`zone_lastrequest`, `md_zones`.`zone_description`, `md_zones`.`mobfox_backfill_active`, `md_zones`.`mobfox_min_cpc_active`, `md_zones`.`min_cpc`, `md_zones`.`min_cpm`, `md_zones`.`backfill_alt_1`, `md_zones`.`backfill_alt_2`, `md_zones`.`backfill_alt_3` FROM `md_zones` WHERE `md_zones`.`entry_id` = :entry_id
[Tue, 05 Nov 13 19:40:54 +0800][INFO] SELECT `md_publications`.`inv_id`, `md_publications`.`creator_id`, `md_publications`.`inv_status`, `md_publications`.`inv_type`, `md_publications`.`inv_name`, `md_publications`.`inv_description`, `md_publications`.`inv_address`, `md_publications`.`inv_defaultchannel`, `md_publications`.`md_lastrequest` FROM `md_publications` WHERE `md_publications`.`inv_id` = :inv_id
[Tue, 05 Nov 13 20:04:32 +0800][INFO] SELECT entry_id, publication_id, zone_type, zone_width, zone_height, zone_refresh, zone_channel, zone_lastrequest, mobfox_backfill_active, mobfox_min_cpc_active, min_cpc, min_cpm, backfill_alt_1, backfill_alt_2, backfill_alt_3 FROM md_zones WHERE zone_hash='81a21d3482634fa360516aafe0927ed6'
[Tue, 05 Nov 13 20:04:32 +0800][INFO] SELECT IF(COUNT(*)>0, 1 , 0) FROM `INFORMATION_SCHEMA`.`TABLES` WHERE `TABLE_NAME`='md_publications'
[Tue, 05 Nov 13 20:04:32 +0800][INFO] DESCRIBE `md_publications`
[Tue, 05 Nov 13 20:04:32 +0800][INFO] SELECT `md_publications`.`inv_id`, `md_publications`.`creator_id`, `md_publications`.`inv_status`, `md_publications`.`inv_type`, `md_publications`.`inv_name`, `md_publications`.`inv_description`, `md_publications`.`inv_address`, `md_publications`.`inv_defaultchannel`, `md_publications`.`md_lastrequest` FROM `md_publications` WHERE `md_publications`.`inv_id` = 17 LIMIT 1
[Tue, 05 Nov 13 20:04:46 +0800][INFO] SELECT entry_id, publication_id, zone_type, zone_width, zone_height, zone_refresh, zone_channel, zone_lastrequest, mobfox_backfill_active, mobfox_min_cpc_active, min_cpc, min_cpm, backfill_alt_1, backfill_alt_2, backfill_alt_3 FROM md_zones WHERE zone_hash='81a21d3482634fa360516aafe0927ed6'
[Tue, 05 Nov 13 20:04:46 +0800][INFO] SELECT IF(COUNT(*)>0, 1 , 0) FROM `INFORMATION_SCHEMA`.`TABLES` WHERE `TABLE_NAME`='md_publications'
[Tue, 05 Nov 13 20:04:46 +0800][INFO] DESCRIBE `md_publications`
[Tue, 05 Nov 13 20:04:46 +0800][INFO] SELECT `md_publications`.`inv_id`, `md_publications`.`creator_id`, `md_publications`.`inv_status`, `md_publications`.`inv_type`, `md_publications`.`inv_name`, `md_publications`.`inv_description`, `md_publications`.`inv_address`, `md_publications`.`inv_defaultchannel`, `md_publications`.`md_lastrequest` FROM `md_publications` WHERE `md_publications`.`inv_id` = 17 LIMIT 1
[Tue, 05 Nov 13 20:12:00 +0800][INFO] SELECT entry_id, publication_id, zone_type, zone_width, zone_height, zone_refresh, zone_channel, zone_lastrequest, mobfox_backfill_active, mobfox_min_cpc_active, min_cpc, min_cpm, backfill_alt_1, backfill_alt_2, backfill_alt_3 FROM md_zones WHERE zone_hash='81a21d3482634fa360516aafe0927ed6'
[Tue, 05 Nov 13 20:12:00 +0800][INFO] SELECT IF(COUNT(*)>0, 1 , 0) FROM `INFORMATION_SCHEMA`.`TABLES` WHERE `TABLE_NAME`='md_publications'
[Tue, 05 Nov 13 20:12:00 +0800][INFO] DESCRIBE `md_publications`
[Tue, 05 Nov 13 20:12:00 +0800][INFO] SELECT `md_publications`.`inv_id`, `md_publications`.`creator_id`, `md_publications`.`inv_status`, `md_publications`.`inv_type`, `md_publications`.`inv_name`, `md_publications`.`inv_description`, `md_publications`.`inv_address`, `md_publications`.`inv_defaultchannel`, `md_publications`.`md_lastrequest` FROM `md_publications` WHERE `md_publications`.`inv_id` = 17 LIMIT 1
[Tue, 05 Nov 13 20:12:40 +0800][INFO] SELECT entry_id, publication_id, zone_type, zone_width, zone_height, zone_refresh, zone_channel, zone_lastrequest, mobfox_backfill_active, mobfox_min_cpc_active, min_cpc, min_cpm, backfill_alt_1, backfill_alt_2, backfill_alt_3 FROM md_zones WHERE zone_hash='81a21d3482634fa360516aafe0927ed6'
[Tue, 05 Nov 13 20:12:40 +0800][INFO] SELECT IF(COUNT(*)>0, 1 , 0) FROM `INFORMATION_SCHEMA`.`TABLES` WHERE `TABLE_NAME`='md_publications'
[Tue, 05 Nov 13 20:12:40 +0800][INFO] DESCRIBE `md_publications`
[Tue, 05 Nov 13 20:12:40 +0800][INFO] SELECT `md_publications`.`inv_id`, `md_publications`.`creator_id`, `md_publications`.`inv_status`, `md_publications`.`inv_type`, `md_publications`.`inv_name`, `md_publications`.`inv_description`, `md_publications`.`inv_address`, `md_publications`.`inv_defaultchannel`, `md_publications`.`md_lastrequest` FROM `md_publications` WHERE `md_publications`.`inv_id` = 17 LIMIT 1
[Tue, 05 Nov 13 20:15:34 +0800][INFO] SELECT entry_id, publication_id, zone_type, zone_width, zone_height, zone_refresh, zone_channel, zone_lastrequest, mobfox_backfill_active, mobfox_min_cpc_active, min_cpc, min_cpm, backfill_alt_1, backfill_alt_2, backfill_alt_3 FROM md_zones WHERE zone_hash='81a21d3482634fa360516aafe0927ed6'
[Tue, 05 Nov 13 20:15:34 +0800][INFO] SELECT IF(COUNT(*)>0, 1 , 0) FROM `INFORMATION_SCHEMA`.`TABLES` WHERE `TABLE_NAME`='md_publications'
[Tue, 05 Nov 13 20:15:34 +0800][INFO] DESCRIBE `md_publications`
[Tue, 05 Nov 13 20:15:34 +0800][INFO] SELECT `md_publications`.`inv_id`, `md_publications`.`creator_id`, `md_publications`.`inv_status`, `md_publications`.`inv_type`, `md_publications`.`inv_name`, `md_publications`.`inv_description`, `md_publications`.`inv_address`, `md_publications`.`inv_defaultchannel`, `md_publications`.`md_lastrequest` FROM `md_publications` WHERE `md_publications`.`inv_id` = 17 LIMIT 1
[Tue, 05 Nov 13 20:15:48 +0800][INFO] SELECT entry_id, publication_id, zone_type, zone_width, zone_height, zone_refresh, zone_channel, zone_lastrequest, mobfox_backfill_active, mobfox_min_cpc_active, min_cpc, min_cpm, backfill_alt_1, backfill_alt_2, backfill_alt_3 FROM md_zones WHERE zone_hash='81a21d3482634fa360516aafe0927ed6'
[Tue, 05 Nov 13 20:15:48 +0800][INFO] SELECT IF(COUNT(*)>0, 1 , 0) FROM `INFORMATION_SCHEMA`.`TABLES` WHERE `TABLE_NAME`='md_publications'
[Tue, 05 Nov 13 20:15:48 +0800][INFO] DESCRIBE `md_publications`
[Tue, 05 Nov 13 20:15:48 +0800][INFO] SELECT `md_publications`.`inv_id`, `md_publications`.`creator_id`, `md_publications`.`inv_status`, `md_publications`.`inv_type`, `md_publications`.`inv_name`, `md_publications`.`inv_description`, `md_publications`.`inv_address`, `md_publications`.`inv_defaultchannel`, `md_publications`.`md_lastrequest` FROM `md_publications` WHERE `md_publications`.`inv_id` = 17 LIMIT 1
[Tue, 05 Nov 13 20:20:25 +0800][INFO] SELECT entry_id, publication_id, zone_type, zone_width, zone_height, zone_refresh, zone_channel, zone_lastrequest, mobfox_backfill_active, mobfox_min_cpc_active, min_cpc, min_cpm, backfill_alt_1, backfill_alt_2, backfill_alt_3 FROM md_zones WHERE zone_hash='81a21d3482634fa360516aafe0927ed6'
[Tue, 05 Nov 13 20:20:25 +0800][INFO] SELECT IF(COUNT(*)>0, 1 , 0) FROM `INFORMATION_SCHEMA`.`TABLES` WHERE `TABLE_NAME`='md_publications'
[Tue, 05 Nov 13 20:20:25 +0800][INFO] DESCRIBE `md_publications`
[Tue, 05 Nov 13 20:20:26 +0800][INFO] SELECT `md_publications`.`inv_id`, `md_publications`.`creator_id`, `md_publications`.`inv_status`, `md_publications`.`inv_type`, `md_publications`.`inv_name`, `md_publications`.`inv_description`, `md_publications`.`inv_address`, `md_publications`.`inv_defaultchannel`, `md_publications`.`md_lastrequest` FROM `md_publications` WHERE `md_publications`.`inv_id` = 17 LIMIT 1
[Tue, 05 Nov 13 20:20:35 +0800][INFO] UPDATE `md_zones` SET `zone_lastrequest` = ? WHERE `entry_id`=43
[Wed, 06 Nov 13 17:34:21 +0800][INFO] SELECT entry_id, publication_id, zone_type, zone_width, zone_height, zone_refresh, zone_channel, zone_lastrequest, mobfox_backfill_active, mobfox_min_cpc_active, min_cpc, min_cpm, backfill_alt_1, backfill_alt_2, backfill_alt_3 FROM md_zones WHERE zone_hash='81a21d3482634fa360516aafe0927ed6'
[Wed, 06 Nov 13 17:34:21 +0800][INFO] SELECT IF(COUNT(*)>0, 1 , 0) FROM `INFORMATION_SCHEMA`.`TABLES` WHERE `TABLE_NAME`='md_publications'
[Wed, 06 Nov 13 17:34:21 +0800][INFO] DESCRIBE `md_publications`
[Wed, 06 Nov 13 17:34:21 +0800][INFO] SELECT `md_publications`.`inv_id`, `md_publications`.`creator_id`, `md_publications`.`inv_status`, `md_publications`.`inv_type`, `md_publications`.`inv_name`, `md_publications`.`inv_description`, `md_publications`.`inv_address`, `md_publications`.`inv_defaultchannel`, `md_publications`.`md_lastrequest` FROM `md_publications` WHERE `md_publications`.`inv_id` = 17 LIMIT 1
[Wed, 06 Nov 13 17:34:21 +0800][INFO] UPDATE `md_zones` SET `zone_lastrequest` = ? WHERE `entry_id`=43
[Wed, 06 Nov 13 17:34:21 +0800][INFO] UPDATE `md_publications` SET `md_lastrequest` = ? WHERE `inv_id`=17
[Wed, 06 Nov 13 17:34:21 +0800][INFO] SELECT IF(COUNT(*)>0, 1 , 0) FROM `INFORMATION_SCHEMA`.`TABLES` WHERE `TABLE_NAME`='md_zones'
[Wed, 06 Nov 13 17:34:21 +0800][INFO] DESCRIBE `md_zones`
[Wed, 06 Nov 13 17:37:03 +0800][INFO] SELECT entry_id, publication_id, zone_type, zone_width, zone_height, zone_refresh, zone_channel, zone_lastrequest, mobfox_backfill_active, mobfox_min_cpc_active, min_cpc, min_cpm, backfill_alt_1, backfill_alt_2, backfill_alt_3 FROM md_zones WHERE zone_hash='81a21d3482634fa360516aafe0927ed6'
[Wed, 06 Nov 13 17:37:03 +0800][INFO] SELECT IF(COUNT(*)>0, 1 , 0) FROM `INFORMATION_SCHEMA`.`TABLES` WHERE `TABLE_NAME`='md_publications'
[Wed, 06 Nov 13 17:37:03 +0800][INFO] DESCRIBE `md_publications`
[Wed, 06 Nov 13 17:37:03 +0800][INFO] SELECT `md_publications`.`inv_id`, `md_publications`.`creator_id`, `md_publications`.`inv_status`, `md_publications`.`inv_type`, `md_publications`.`inv_name`, `md_publications`.`inv_description`, `md_publications`.`inv_address`, `md_publications`.`inv_defaultchannel`, `md_publications`.`md_lastrequest` FROM `md_publications` WHERE `md_publications`.`inv_id` = 17 LIMIT 1
[Wed, 06 Nov 13 17:37:57 +0800][INFO] SELECT entry_id, publication_id, zone_type, zone_width, zone_height, zone_refresh, zone_channel, zone_lastrequest, mobfox_backfill_active, mobfox_min_cpc_active, min_cpc, min_cpm, backfill_alt_1, backfill_alt_2, backfill_alt_3 FROM md_zones WHERE zone_hash='81a21d3482634fa360516aafe0927ed6'
[Wed, 06 Nov 13 17:37:57 +0800][INFO] SELECT IF(COUNT(*)>0, 1 , 0) FROM `INFORMATION_SCHEMA`.`TABLES` WHERE `TABLE_NAME`='md_publications'
[Wed, 06 Nov 13 17:37:57 +0800][INFO] DESCRIBE `md_publications`
[Wed, 06 Nov 13 17:37:57 +0800][INFO] SELECT `md_publications`.`inv_id`, `md_publications`.`creator_id`, `md_publications`.`inv_status`, `md_publications`.`inv_type`, `md_publications`.`inv_name`, `md_publications`.`inv_description`, `md_publications`.`inv_address`, `md_publications`.`inv_defaultchannel`, `md_publications`.`md_lastrequest` FROM `md_publications` WHERE `md_publications`.`inv_id` = 17 LIMIT 1
[Wed, 06 Nov 13 17:37:57 +0800][INFO] SELECT IF(COUNT(*)>0, 1 , 0) FROM `INFORMATION_SCHEMA`.`TABLES` WHERE `TABLE_NAME`='md_zones'
[Wed, 06 Nov 13 17:37:57 +0800][INFO] DESCRIBE `md_zones`
[Wed, 06 Nov 13 22:37:58 +0800][INFO] SELECT entry_id, publication_id, zone_type, zone_width, zone_height, zone_refresh, zone_channel, zone_lastrequest, mobfox_backfill_active, mobfox_min_cpc_active, min_cpc, min_cpm, backfill_alt_1, backfill_alt_2, backfill_alt_3 FROM md_zones WHERE zone_hash='81a21d3482634fa360516aafe0927ed6'
[Wed, 06 Nov 13 22:37:59 +0800][INFO] SELECT IF(COUNT(*)>0, 1 , 0) FROM `INFORMATION_SCHEMA`.`TABLES` WHERE `TABLE_NAME`='md_publications'
[Wed, 06 Nov 13 22:37:59 +0800][INFO] DESCRIBE `md_publications`
[Wed, 06 Nov 13 22:37:59 +0800][INFO] SELECT `md_publications`.`inv_id`, `md_publications`.`creator_id`, `md_publications`.`inv_status`, `md_publications`.`inv_type`, `md_publications`.`inv_name`, `md_publications`.`inv_description`, `md_publications`.`inv_address`, `md_publications`.`inv_defaultchannel`, `md_publications`.`md_lastrequest` FROM `md_publications` WHERE `md_publications`.`inv_id` = 17 LIMIT 1
[Wed, 06 Nov 13 22:37:59 +0800][INFO] UPDATE `md_zones` SET `zone_lastrequest` = ? WHERE `entry_id`=43
[Wed, 06 Nov 13 22:37:59 +0800][INFO] UPDATE `md_publications` SET `md_lastrequest` = ? WHERE `inv_id`=17
[Wed, 06 Nov 13 22:37:59 +0800][INFO] SELECT IF(COUNT(*)>0, 1 , 0) FROM `INFORMATION_SCHEMA`.`TABLES` WHERE `TABLE_NAME`='md_zones'
[Wed, 06 Nov 13 22:37:59 +0800][INFO] DESCRIBE `md_zones`
[Wed, 06 Nov 13 22:38:18 +0800][INFO] SELECT entry_id, publication_id, zone_type, zone_width, zone_height, zone_refresh, zone_channel, zone_lastrequest, mobfox_backfill_active, mobfox_min_cpc_active, min_cpc, min_cpm, backfill_alt_1, backfill_alt_2, backfill_alt_3 FROM md_zones WHERE zone_hash='81a21d3482634fa360516aafe0927ed6'
[Wed, 06 Nov 13 22:38:18 +0800][INFO] SELECT IF(COUNT(*)>0, 1 , 0) FROM `INFORMATION_SCHEMA`.`TABLES` WHERE `TABLE_NAME`='md_publications'
[Wed, 06 Nov 13 22:38:18 +0800][INFO] DESCRIBE `md_publications`
[Wed, 06 Nov 13 22:38:18 +0800][INFO] SELECT `md_publications`.`inv_id`, `md_publications`.`creator_id`, `md_publications`.`inv_status`, `md_publications`.`inv_type`, `md_publications`.`inv_name`, `md_publications`.`inv_description`, `md_publications`.`inv_address`, `md_publications`.`inv_defaultchannel`, `md_publications`.`md_lastrequest` FROM `md_publications` WHERE `md_publications`.`inv_id` = 17 LIMIT 1
[Wed, 06 Nov 13 22:38:18 +0800][INFO] SELECT IF(COUNT(*)>0, 1 , 0) FROM `INFORMATION_SCHEMA`.`TABLES` WHERE `TABLE_NAME`='md_zones'
[Wed, 06 Nov 13 22:38:18 +0800][INFO] DESCRIBE `md_zones`
